<?xml version="1.0" encoding="UTF-8"?>
<testsuite xmlns:xsi="http://www.w3.org/2001/XMLSchema-instance" xsi:noNamespaceSchemaLocation="https://maven.apache.org/surefire/maven-surefire-plugin/xsd/surefire-test-report.xsd" name="library.TestFunctions" time="0.006" tests="5" errors="0" skipped="0" failures="0">
  <properties>
    <property name="java.specification.version" value="22"/>
    <property name="sun.cpu.isalist" value="amd64"/>
    <property name="sun.jnu.encoding" value="Cp1252"/>
    <property name="java.class.path" value="C:\Users\eleni\OneDrive\Documents\DET 2023-2024\Software Engineering in Practice\Library\target\test-classes;C:\Users\eleni\OneDrive\Documents\DET 2023-2024\Software Engineering in Practice\Library\target\classes;C:\Users\eleni\.m2\repository\junit\junit\4.11\junit-4.11.jar;C:\Users\eleni\.m2\repository\org\hamcrest\hamcrest-core\1.3\hamcrest-core-1.3.jar;"/>
    <property name="java.vm.vendor" value="Oracle Corporation"/>
    <property name="sun.arch.data.model" value="64"/>
    <property name="user.variant" value=""/>
    <property name="java.vendor.url" value="https://java.oracle.com/"/>
    <property name="user.timezone" value="Europe/Athens"/>
    <property name="os.name" value="Windows 11"/>
    <property name="java.vm.specification.version" value="22"/>
    <property name="sun.java.launcher" value="SUN_STANDARD"/>
    <property name="user.country" value="GB"/>
    <property name="sun.boot.library.path" value="C:\Program Files\Java\jdk-22\bin"/>
    <property name="sun.java.command" value="C:\Users\eleni\AppData\Local\Temp\surefire6640575339754478670\surefirebooter4726028650695874653.jar C:\Users\eleni\AppData\Local\Temp\surefire6640575339754478670 2024-04-28T22-52-30_417-jvmRun1 surefire16181605028641633731tmp surefire_017348327530048825509tmp"/>
    <property name="jdk.debug" value="release"/>
    <property name="surefire.test.class.path" value="C:\Users\eleni\OneDrive\Documents\DET 2023-2024\Software Engineering in Practice\Library\target\test-classes;C:\Users\eleni\OneDrive\Documents\DET 2023-2024\Software Engineering in Practice\Library\target\classes;C:\Users\eleni\.m2\repository\junit\junit\4.11\junit-4.11.jar;C:\Users\eleni\.m2\repository\org\hamcrest\hamcrest-core\1.3\hamcrest-core-1.3.jar;"/>
    <property name="sun.cpu.endian" value="little"/>
    <property name="user.home" value="C:\Users\eleni"/>
    <property name="user.language" value="en"/>
    <property name="java.specification.vendor" value="Oracle Corporation"/>
    <property name="java.version.date" value="2024-03-19"/>
    <property name="java.home" value="C:\Program Files\Java\jdk-22"/>
    <property name="file.separator" value="\"/>
    <property name="basedir" value="C:\Users\eleni\OneDrive\Documents\DET 2023-2024\Software Engineering in Practice\Library"/>
    <property name="java.vm.compressedOopsMode" value="32-bit"/>
    <property name="line.separator" value="&#10;"/>
    <property name="java.vm.specification.vendor" value="Oracle Corporation"/>
    <property name="java.specification.name" value="Java Platform API Specification"/>
    <property name="surefire.real.class.path" value="C:\Users\eleni\AppData\Local\Temp\surefire6640575339754478670\surefirebooter4726028650695874653.jar"/>
    <property name="user.script" value=""/>
    <property name="sun.management.compiler" value="HotSpot 64-Bit Tiered Compilers"/>
    <property name="java.runtime.version" value="22+36-2370"/>
    <property name="user.name" value="eleni"/>
    <property name="stdout.encoding" value="Cp1252"/>
    <property name="path.separator" value=";"/>
    <property name="os.version" value="10.0"/>
    <property name="java.runtime.name" value="Java(TM) SE Runtime Environment"/>
    <property name="file.encoding" value="UTF-8"/>
    <property name="java.vm.name" value="Java HotSpot(TM) 64-Bit Server VM"/>
    <property name="localRepository" value="C:\Users\eleni\.m2\repository"/>
    <property name="java.vendor.url.bug" value="https://bugreport.java.com/bugreport/"/>
    <property name="java.io.tmpdir" value="C:\Users\eleni\AppData\Local\Temp\"/>
    <property name="java.version" value="22"/>
    <property name="user.dir" value="C:\Users\eleni\OneDrive\Documents\DET 2023-2024\Software Engineering in Practice\Library"/>
    <property name="os.arch" value="amd64"/>
    <property name="java.vm.specification.name" value="Java Virtual Machine Specification"/>
    <property name="sun.os.patch.level" value=""/>
    <property name="native.encoding" value="Cp1252"/>
    <property name="java.library.path" value="C:\Program Files\Java\jdk-22\bin;C:\WINDOWS\Sun\Java\bin;C:\WINDOWS\system32;C:\WINDOWS;C:\Program Files\Common Files\Oracle\Java\javapath;C:\Python311\Scripts\;C:\Python311\;C:\Program Files (x86)\Common Files\Oracle\Java\javapath;C:\WINDOWS\system32;C:\WINDOWS;C:\WINDOWS\System32\Wbem;C:\WINDOWS\System32\WindowsPowerShell\v1.0\;C:\WINDOWS\System32\OpenSSH\;C:\Program Files\Java\jdk-21\bin;C:\Program Files\Java\jdk1.8.0_341\bin;C:\Program Files\Git\cmd;C:\sqlite;C:\Program Files\Docker\Docker\resources\bin;C:\Gradle\gradle-8.7\bin;C:\Program Files\HP\HP One Agent;C:\Maven\apache-maven-3.9.6\bin;C:\Users\eleni\AppData\Local\Microsoft\WindowsApps;C:\Users\eleni\AppData\Local\Programs\Microsoft VS Code\bin;;."/>
    <property name="java.vm.info" value="mixed mode, sharing"/>
    <property name="stderr.encoding" value="Cp1252"/>
    <property name="java.vendor" value="Oracle Corporation"/>
    <property name="java.vm.version" value="22+36-2370"/>
    <property name="sun.io.unicode.encoding" value="UnicodeLittle"/>
    <property name="java.class.version" value="66.0"/>
  </properties>
  <testcase name="testAddBook" classname="library.TestFunctions" time="0"/>
  <testcase name="testGetAllBooks" classname="library.TestFunctions" time="0.001"/>
  <testcase name="testUpdateBook" classname="library.TestFunctions" time="0.001"/>
  <testcase name="testDeleteBookNotFound" classname="library.TestFunctions" time="0.002"/>
  <testcase name="testDeleteBook" classname="library.TestFunctions" time="0.001"/>
</testsuite>